build/app/intermediates/manifest_merge_blame_file/debug/manifest-merger-blame-debug-report.txt
1<?xml version="1.0" encoding="utf-8"?>
2<manifest xmlns:android="http://schemas.android.com/apk/res/android"
3    package="com.example.Hogwarts"
4    android:versionCode="1"
5    android:versionName="1.0.0" >
6
7    <uses-sdk
8        android:minSdkVersion="21"
9        android:targetSdkVersion="28" />
10    <!--
11         Flutter needs it to communicate with the running application
12         to allow setting breakpoints, to provide hot reload, etc.
13    -->
14    <uses-permission android:name="android.permission.INTERNET" />
14-->src/debug/AndroidManifest.xml:6:5-66
14-->src/debug/AndroidManifest.xml:6:22-64
15    <!-- 允许程序设置内置sd卡的写权限 -->
16    <uses-permission android:name="android.permission.WRITE_EXTERNAL_STORAGE" /> <!-- 允许程序获取网络状态 -->
16-->[:amap_map_fluttify] AndroidManifest.xml:10:5-81
16-->[:amap_map_fluttify] AndroidManifest.xml:10:22-78
17    <uses-permission android:name="android.permission.ACCESS_NETWORK_STATE" /> <!-- 允许程序访问WiFi网络信息 -->
17-->[:amap_map_fluttify] AndroidManifest.xml:12:5-79
17-->[:amap_map_fluttify] AndroidManifest.xml:12:22-76
18    <uses-permission android:name="android.permission.ACCESS_WIFI_STATE" /> <!-- 允许程序读写手机状态和身份 -->
18-->[:amap_map_fluttify] AndroidManifest.xml:14:5-76
18-->[:amap_map_fluttify] AndroidManifest.xml:14:22-73
19    <uses-permission android:name="android.permission.READ_PHONE_STATE" /> <!-- 允许程序访问CellID或WiFi热点来获取粗略的位置 -->
19-->[:amap_map_fluttify] AndroidManifest.xml:16:5-75
19-->[:amap_map_fluttify] AndroidManifest.xml:16:22-72
20    <uses-permission android:name="android.permission.ACCESS_COARSE_LOCATION" /> <!-- 如果不加回报 error, Neither user 10426 nor current process has android.permission.WAKE_LOCK., null -->
20-->[:amap_map_fluttify] AndroidManifest.xml:18:5-81
20-->[:amap_map_fluttify] AndroidManifest.xml:18:22-78
21    <uses-permission android:name="android.permission.WAKE_LOCK" />
21-->[:amap_map_fluttify] AndroidManifest.xml:20:5-68
21-->[:amap_map_fluttify] AndroidManifest.xml:20:22-65
22    <uses-permission android:name="android.permission.READ_EXTERNAL_STORAGE" /> <!-- 用于访问GPS定位 -->
23    <uses-permission android:name="android.permission.ACCESS_FINE_LOCATION" /> <!-- 用于获取wifi的获取权限，wifi信息会用来进行网络定位 -->
23-->[:amap_location_fluttify] AndroidManifest.xml:9:5-79
23-->[:amap_location_fluttify] AndroidManifest.xml:9:22-76
24    <uses-permission android:name="android.permission.CHANGE_WIFI_STATE" /> <!-- 用于申请调用A-GPS模块 -->
24-->[:amap_location_fluttify] AndroidManifest.xml:15:5-76
24-->[:amap_location_fluttify] AndroidManifest.xml:15:22-73
25    <uses-permission android:name="android.permission.ACCESS_LOCATION_EXTRA_COMMANDS" /> <!-- 用于申请获取蓝牙信息进行室内定位 -->
25-->[:amap_location_fluttify] AndroidManifest.xml:23:5-89
25-->[:amap_location_fluttify] AndroidManifest.xml:23:22-86
26    <uses-permission android:name="android.permission.BLUETOOTH" />
26-->[:amap_location_fluttify] AndroidManifest.xml:25:5-68
26-->[:amap_location_fluttify] AndroidManifest.xml:25:22-65
27    <uses-permission android:name="android.permission.BLUETOOTH_ADMIN" />
27-->[:amap_location_fluttify] AndroidManifest.xml:26:5-74
27-->[:amap_location_fluttify] AndroidManifest.xml:26:22-71
28    <!--
29 io.flutter.app.FlutterApplication is an android.app.Application that
30         calls FlutterMain.startInitialization(this); in its onCreate method.
31         In most cases you can leave this as-is, but you if you want to provide
32         additional functionality it is fine to subclass or reimplement
33         FlutterApplication and put your custom class here.
34    -->
35    <application
35-->src/main/AndroidManifest.xml:8:5-46:19
36        android:name="io.flutter.app.FlutterApplication"
36-->src/main/AndroidManifest.xml:9:9-57
37        android:appComponentFactory="androidx.core.app.CoreComponentFactory"
37-->[androidx.core:core:1.1.0] AndroidManifest.xml:24:18-86
38        android:debuggable="true"
39        android:icon="@mipmap/ic_launcher"
39-->src/main/AndroidManifest.xml:11:9-43
40        android:label="Hogwarts" >
40-->src/main/AndroidManifest.xml:10:9-33
41        <activity
41-->src/main/AndroidManifest.xml:12:9-40:20
42            android:name="com.example.Hogwarts.MainActivity"
42-->src/main/AndroidManifest.xml:13:13-41
43            android:configChanges="orientation|keyboardHidden|keyboard|screenSize|smallestScreenSize|locale|layoutDirection|fontScale|screenLayout|density|uiMode"
43-->src/main/AndroidManifest.xml:16:13-163
44            android:hardwareAccelerated="true"
44-->src/main/AndroidManifest.xml:17:13-47
45            android:launchMode="singleTop"
45-->src/main/AndroidManifest.xml:14:13-43
46            android:theme="@style/LaunchTheme"
46-->src/main/AndroidManifest.xml:15:13-47
47            android:windowSoftInputMode="adjustResize" >
47-->src/main/AndroidManifest.xml:18:13-55
48
49            <!--
50                 Specifies an Android theme to apply to this Activity as soon as
51                 the Android process has started. This theme is visible to the user
52                 while the Flutter UI initializes. After that, this theme continues
53                 to determine the Window background behind the Flutter UI.
54            -->
55            <meta-data
55-->src/main/AndroidManifest.xml:23:13-26:17
56                android:name="io.flutter.embedding.android.NormalTheme"
56-->src/main/AndroidManifest.xml:24:15-70
57                android:resource="@style/NormalTheme" />
57-->src/main/AndroidManifest.xml:25:15-52
58            <!--
59                 Displays an Android View that continues showing the launch screen
60                 Drawable until Flutter paints its first frame, then this splash
61                 screen fades out. A splash screen is useful to avoid any visual
62                 gap between the end of Android's launch screen and the painting of
63                 Flutter's first frame.
64            -->
65            <meta-data
65-->src/main/AndroidManifest.xml:32:13-35:17
66                android:name="io.flutter.embedding.android.SplashScreenDrawable"
66-->src/main/AndroidManifest.xml:33:15-79
67                android:resource="@drawable/launch_background" />
67-->src/main/AndroidManifest.xml:34:15-61
68
69            <intent-filter>
69-->src/main/AndroidManifest.xml:36:13-39:29
70                <action android:name="android.intent.action.MAIN" />
70-->src/main/AndroidManifest.xml:37:17-68
70-->src/main/AndroidManifest.xml:37:25-66
71
72                <category android:name="android.intent.category.LAUNCHER" />
72-->src/main/AndroidManifest.xml:38:17-76
72-->src/main/AndroidManifest.xml:38:27-74
73            </intent-filter>
74        </activity>
75        <!--
76             Don't delete the meta-data below.
77             This is used by the Flutter tool to generate GeneratedPluginRegistrant.java
78        -->
79        <meta-data
79-->src/main/AndroidManifest.xml:43:9-45:33
80            android:name="flutterEmbedding"
80-->src/main/AndroidManifest.xml:44:13-44
81            android:value="2" />
81-->src/main/AndroidManifest.xml:45:13-30
82
83        <activity android:name="com.amap.api.maps.offlinemap.OfflineMapActivity" />
83-->[:amap_map_fluttify] AndroidManifest.xml:23:9-84
83-->[:amap_map_fluttify] AndroidManifest.xml:23:19-81
84        <activity
84-->[:url_launcher] AndroidManifest.xml:8:9-11:74
85            android:name="io.flutter.plugins.urllauncher.WebViewActivity"
85-->[:url_launcher] AndroidManifest.xml:9:13-74
86            android:exported="false"
86-->[:url_launcher] AndroidManifest.xml:10:13-37
87            android:theme="@android:style/Theme.NoTitleBar.Fullscreen" />
87-->[:url_launcher] AndroidManifest.xml:11:13-71
88
89        <service android:name="com.amap.api.location.APSService" />
89-->[:amap_location_fluttify] AndroidManifest.xml:29:9-68
89-->[:amap_location_fluttify] AndroidManifest.xml:29:18-65
90
91        <receiver android:name="me.yohom.foundation_fluttify.FluttifyBroadcastReceiver" />
91-->[:foundation_fluttify] AndroidManifest.xml:8:9-91
91-->[:foundation_fluttify] AndroidManifest.xml:8:19-88
92    </application>
93
94</manifest>